<?xml version="1.0" encoding="UTF-8"?>
<testsuite xmlns:xsi="http://www.w3.org/2001/XMLSchema-instance" xsi:noNamespaceSchemaLocation="https://maven.apache.org/surefire/maven-surefire-plugin/xsd/surefire-test-report.xsd" name="cucumber.Options.TestRunner" time="16.67" tests="2" errors="0" skipped="0" failures="0">
  <properties>
    <property name="sun.desktop" value="gnome"/>
    <property name="awt.toolkit" value="sun.awt.X11.XToolkit"/>
    <property name="java.specification.version" value="11"/>
    <property name="sun.cpu.isalist" value=""/>
    <property name="sun.jnu.encoding" value="UTF-8"/>
    <property name="java.class.path" value="/home/sanket-laptop/git/RestAPI-CucumberBDDFramework/APIFramework/target/test-classes:/home/sanket-laptop/git/RestAPI-CucumberBDDFramework/APIFramework/target/classes:/home/sanket-laptop/.m2/repository/junit/junit/4.13.2/junit-4.13.2.jar:/home/sanket-laptop/.m2/repository/org/hamcrest/hamcrest-core/1.3/hamcrest-core-1.3.jar:/home/sanket-laptop/.m2/repository/io/cucumber/cucumber-java/7.11.2/cucumber-java-7.11.2.jar:/home/sanket-laptop/.m2/repository/io/cucumber/cucumber-core/7.11.2/cucumber-core-7.11.2.jar:/home/sanket-laptop/.m2/repository/io/cucumber/cucumber-gherkin/7.11.2/cucumber-gherkin-7.11.2.jar:/home/sanket-laptop/.m2/repository/io/cucumber/cucumber-gherkin-messages/7.11.2/cucumber-gherkin-messages-7.11.2.jar:/home/sanket-laptop/.m2/repository/io/cucumber/gherkin/26.0.3/gherkin-26.0.3.jar:/home/sanket-laptop/.m2/repository/io/cucumber/messages/21.0.1/messages-21.0.1.jar:/home/sanket-laptop/.m2/repository/io/cucumber/tag-expressions/5.0.1/tag-expressions-5.0.1.jar:/home/sanket-laptop/.m2/repository/io/cucumber/cucumber-expressions/16.1.2/cucumber-expressions-16.1.2.jar:/home/sanket-laptop/.m2/repository/io/cucumber/datatable/7.11.2/datatable-7.11.2.jar:/home/sanket-laptop/.m2/repository/io/cucumber/cucumber-plugin/7.11.2/cucumber-plugin-7.11.2.jar:/home/sanket-laptop/.m2/repository/io/cucumber/docstring/7.11.2/docstring-7.11.2.jar:/home/sanket-laptop/.m2/repository/io/cucumber/html-formatter/20.2.1/html-formatter-20.2.1.jar:/home/sanket-laptop/.m2/repository/io/cucumber/junit-xml-formatter/0.1.0/junit-xml-formatter-0.1.0.jar:/home/sanket-laptop/.m2/repository/io/cucumber/ci-environment/9.1.0/ci-environment-9.1.0.jar:/home/sanket-laptop/.m2/repository/org/apiguardian/apiguardian-api/1.1.2/apiguardian-api-1.1.2.jar:/home/sanket-laptop/.m2/repository/io/cucumber/cucumber-junit/7.11.2/cucumber-junit-7.11.2.jar:/home/sanket-laptop/.m2/repository/io/rest-assured/rest-assured/5.3.0/rest-assured-5.3.0.jar:/home/sanket-laptop/.m2/repository/org/apache/groovy/groovy/4.0.6/groovy-4.0.6.jar:/home/sanket-laptop/.m2/repository/org/apache/groovy/groovy-xml/4.0.6/groovy-xml-4.0.6.jar:/home/sanket-laptop/.m2/repository/org/apache/httpcomponents/httpclient/4.5.13/httpclient-4.5.13.jar:/home/sanket-laptop/.m2/repository/org/apache/httpcomponents/httpcore/4.4.13/httpcore-4.4.13.jar:/home/sanket-laptop/.m2/repository/commons-logging/commons-logging/1.2/commons-logging-1.2.jar:/home/sanket-laptop/.m2/repository/commons-codec/commons-codec/1.11/commons-codec-1.11.jar:/home/sanket-laptop/.m2/repository/org/apache/httpcomponents/httpmime/4.5.13/httpmime-4.5.13.jar:/home/sanket-laptop/.m2/repository/org/hamcrest/hamcrest/2.1/hamcrest-2.1.jar:/home/sanket-laptop/.m2/repository/org/ccil/cowan/tagsoup/tagsoup/1.2.1/tagsoup-1.2.1.jar:/home/sanket-laptop/.m2/repository/io/rest-assured/json-path/5.3.0/json-path-5.3.0.jar:/home/sanket-laptop/.m2/repository/org/apache/groovy/groovy-json/4.0.6/groovy-json-4.0.6.jar:/home/sanket-laptop/.m2/repository/io/rest-assured/rest-assured-common/5.3.0/rest-assured-common-5.3.0.jar:/home/sanket-laptop/.m2/repository/io/rest-assured/xml-path/5.3.0/xml-path-5.3.0.jar:/home/sanket-laptop/.m2/repository/org/apache/commons/commons-lang3/3.11/commons-lang3-3.11.jar:/home/sanket-laptop/.m2/repository/com/fasterxml/jackson/core/jackson-databind/2.15.0-rc2/jackson-databind-2.15.0-rc2.jar:/home/sanket-laptop/.m2/repository/com/fasterxml/jackson/core/jackson-annotations/2.15.0-rc2/jackson-annotations-2.15.0-rc2.jar:/home/sanket-laptop/.m2/repository/com/fasterxml/jackson/core/jackson-core/2.15.0-rc2/jackson-core-2.15.0-rc2.jar:"/>
    <property name="java.vm.vendor" value="Ubuntu"/>
    <property name="sun.arch.data.model" value="64"/>
    <property name="java.vendor.url" value="https://ubuntu.com/"/>
    <property name="user.timezone" value=""/>
    <property name="java.vm.specification.version" value="11"/>
    <property name="os.name" value="Linux"/>
    <property name="sun.java.launcher" value="SUN_STANDARD"/>
    <property name="user.country" value="US"/>
    <property name="sun.boot.library.path" value="/usr/lib/jvm/java-11-openjdk-amd64/lib"/>
    <property name="sun.java.command" value="/home/sanket-laptop/git/RestAPI-CucumberBDDFramework/APIFramework/target/surefire/surefirebooter15831174577215939790.jar /home/sanket-laptop/git/RestAPI-CucumberBDDFramework/APIFramework/target/surefire 2023-04-05T00-22-12_009-jvmRun1 surefire17303271146022180737tmp surefire_014660585141385403411tmp"/>
    <property name="jdk.debug" value="release"/>
    <property name="surefire.test.class.path" value="/home/sanket-laptop/git/RestAPI-CucumberBDDFramework/APIFramework/target/test-classes:/home/sanket-laptop/git/RestAPI-CucumberBDDFramework/APIFramework/target/classes:/home/sanket-laptop/.m2/repository/junit/junit/4.13.2/junit-4.13.2.jar:/home/sanket-laptop/.m2/repository/org/hamcrest/hamcrest-core/1.3/hamcrest-core-1.3.jar:/home/sanket-laptop/.m2/repository/io/cucumber/cucumber-java/7.11.2/cucumber-java-7.11.2.jar:/home/sanket-laptop/.m2/repository/io/cucumber/cucumber-core/7.11.2/cucumber-core-7.11.2.jar:/home/sanket-laptop/.m2/repository/io/cucumber/cucumber-gherkin/7.11.2/cucumber-gherkin-7.11.2.jar:/home/sanket-laptop/.m2/repository/io/cucumber/cucumber-gherkin-messages/7.11.2/cucumber-gherkin-messages-7.11.2.jar:/home/sanket-laptop/.m2/repository/io/cucumber/gherkin/26.0.3/gherkin-26.0.3.jar:/home/sanket-laptop/.m2/repository/io/cucumber/messages/21.0.1/messages-21.0.1.jar:/home/sanket-laptop/.m2/repository/io/cucumber/tag-expressions/5.0.1/tag-expressions-5.0.1.jar:/home/sanket-laptop/.m2/repository/io/cucumber/cucumber-expressions/16.1.2/cucumber-expressions-16.1.2.jar:/home/sanket-laptop/.m2/repository/io/cucumber/datatable/7.11.2/datatable-7.11.2.jar:/home/sanket-laptop/.m2/repository/io/cucumber/cucumber-plugin/7.11.2/cucumber-plugin-7.11.2.jar:/home/sanket-laptop/.m2/repository/io/cucumber/docstring/7.11.2/docstring-7.11.2.jar:/home/sanket-laptop/.m2/repository/io/cucumber/html-formatter/20.2.1/html-formatter-20.2.1.jar:/home/sanket-laptop/.m2/repository/io/cucumber/junit-xml-formatter/0.1.0/junit-xml-formatter-0.1.0.jar:/home/sanket-laptop/.m2/repository/io/cucumber/ci-environment/9.1.0/ci-environment-9.1.0.jar:/home/sanket-laptop/.m2/repository/org/apiguardian/apiguardian-api/1.1.2/apiguardian-api-1.1.2.jar:/home/sanket-laptop/.m2/repository/io/cucumber/cucumber-junit/7.11.2/cucumber-junit-7.11.2.jar:/home/sanket-laptop/.m2/repository/io/rest-assured/rest-assured/5.3.0/rest-assured-5.3.0.jar:/home/sanket-laptop/.m2/repository/org/apache/groovy/groovy/4.0.6/groovy-4.0.6.jar:/home/sanket-laptop/.m2/repository/org/apache/groovy/groovy-xml/4.0.6/groovy-xml-4.0.6.jar:/home/sanket-laptop/.m2/repository/org/apache/httpcomponents/httpclient/4.5.13/httpclient-4.5.13.jar:/home/sanket-laptop/.m2/repository/org/apache/httpcomponents/httpcore/4.4.13/httpcore-4.4.13.jar:/home/sanket-laptop/.m2/repository/commons-logging/commons-logging/1.2/commons-logging-1.2.jar:/home/sanket-laptop/.m2/repository/commons-codec/commons-codec/1.11/commons-codec-1.11.jar:/home/sanket-laptop/.m2/repository/org/apache/httpcomponents/httpmime/4.5.13/httpmime-4.5.13.jar:/home/sanket-laptop/.m2/repository/org/hamcrest/hamcrest/2.1/hamcrest-2.1.jar:/home/sanket-laptop/.m2/repository/org/ccil/cowan/tagsoup/tagsoup/1.2.1/tagsoup-1.2.1.jar:/home/sanket-laptop/.m2/repository/io/rest-assured/json-path/5.3.0/json-path-5.3.0.jar:/home/sanket-laptop/.m2/repository/org/apache/groovy/groovy-json/4.0.6/groovy-json-4.0.6.jar:/home/sanket-laptop/.m2/repository/io/rest-assured/rest-assured-common/5.3.0/rest-assured-common-5.3.0.jar:/home/sanket-laptop/.m2/repository/io/rest-assured/xml-path/5.3.0/xml-path-5.3.0.jar:/home/sanket-laptop/.m2/repository/org/apache/commons/commons-lang3/3.11/commons-lang3-3.11.jar:/home/sanket-laptop/.m2/repository/com/fasterxml/jackson/core/jackson-databind/2.15.0-rc2/jackson-databind-2.15.0-rc2.jar:/home/sanket-laptop/.m2/repository/com/fasterxml/jackson/core/jackson-annotations/2.15.0-rc2/jackson-annotations-2.15.0-rc2.jar:/home/sanket-laptop/.m2/repository/com/fasterxml/jackson/core/jackson-core/2.15.0-rc2/jackson-core-2.15.0-rc2.jar:"/>
    <property name="sun.cpu.endian" value="little"/>
    <property name="user.home" value="/home/sanket-laptop"/>
    <property name="user.language" value="en"/>
    <property name="java.specification.vendor" value="Oracle Corporation"/>
    <property name="java.version.date" value="2023-01-17"/>
    <property name="java.home" value="/usr/lib/jvm/java-11-openjdk-amd64"/>
    <property name="file.separator" value="/"/>
    <property name="basedir" value="/home/sanket-laptop/git/RestAPI-CucumberBDDFramework/APIFramework"/>
    <property name="java.vm.compressedOopsMode" value="Zero based"/>
    <property name="line.separator" value="&#10;"/>
    <property name="java.specification.name" value="Java Platform API Specification"/>
    <property name="java.vm.specification.vendor" value="Oracle Corporation"/>
    <property name="java.awt.graphicsenv" value="sun.awt.X11GraphicsEnvironment"/>
    <property name="surefire.real.class.path" value="/home/sanket-laptop/git/RestAPI-CucumberBDDFramework/APIFramework/target/surefire/surefirebooter15831174577215939790.jar"/>
    <property name="sun.management.compiler" value="HotSpot 64-Bit Tiered Compilers"/>
    <property name="java.runtime.version" value="11.0.18+10-post-Ubuntu-0ubuntu120.04.1"/>
    <property name="user.name" value="sanket-laptop"/>
    <property name="path.separator" value=":"/>
    <property name="os.version" value="5.15.0-69-generic"/>
    <property name="java.runtime.name" value="OpenJDK Runtime Environment"/>
    <property name="file.encoding" value="UTF-8"/>
    <property name="java.vm.name" value="OpenJDK 64-Bit Server VM"/>
    <property name="localRepository" value="/home/sanket-laptop/.m2/repository"/>
    <property name="cucumber.options" value="--tags @AddPlace"/>
    <property name="java.vendor.url.bug" value="https://bugs.launchpad.net/ubuntu/+source/openjdk-lts"/>
    <property name="java.io.tmpdir" value="/tmp"/>
    <property name="java.version" value="11.0.18"/>
    <property name="user.dir" value="/home/sanket-laptop/git/RestAPI-CucumberBDDFramework/APIFramework"/>
    <property name="os.arch" value="amd64"/>
    <property name="java.vm.specification.name" value="Java Virtual Machine Specification"/>
    <property name="java.awt.printerjob" value="sun.print.PSPrinterJob"/>
    <property name="sun.os.patch.level" value="unknown"/>
    <property name="java.library.path" value="/usr/java/packages/lib:/usr/lib/x86_64-linux-gnu/jni:/lib/x86_64-linux-gnu:/usr/lib/x86_64-linux-gnu:/usr/lib/jni:/lib:/usr/lib"/>
    <property name="java.vm.info" value="mixed mode, sharing"/>
    <property name="java.vendor" value="Ubuntu"/>
    <property name="java.vm.version" value="11.0.18+10-post-Ubuntu-0ubuntu120.04.1"/>
    <property name="sun.io.unicode.encoding" value="UnicodeLittle"/>
    <property name="java.class.version" value="55.0"/>
  </properties>
  <testcase name="Verify if place is being Successfully added using AddPlaceAPI" classname="Validating Place API&apos;s" time="7.537"/>
  <testcase name="Verify if Delete Place functionality is working" classname="Validating Place API&apos;s" time="4.08"/>
</testsuite>